-----------------
loading CUDA 12.4
-----------------

/work/asdf1234/miniconda3/envs/cobra/lib/python3.10/site-packages/transformers/utils/generic.py:311: FutureWarning: `torch.utils._pytree._register_pytree_node` is deprecated. Please use `torch.utils._pytree.register_pytree_node` instead.
  torch.utils._pytree._register_pytree_node(
/work/asdf1234/miniconda3/envs/cobra/lib/python3.10/site-packages/transformers/utils/generic.py:311: FutureWarning: `torch.utils._pytree._register_pytree_node` is deprecated. Please use `torch.utils._pytree.register_pytree_node` instead.
  torch.utils._pytree._register_pytree_node(
/work/asdf1234/miniconda3/envs/cobra/lib/python3.10/site-packages/pydantic/_internal/_generate_schema.py:2249: UnsupportedFieldAttributeWarning: The 'repr' attribute with value False was provided to the `Field()` function, which has no effect in the context it was used. 'repr' is field-specific metadata, and can only be attached to a model field using `Annotated` metadata or by assignment. This may have happened because an `Annotated` type alias using the `type` statement was used, or if the `Field()` function was attached to a single member of a union type.
  warnings.warn(
/work/asdf1234/miniconda3/envs/cobra/lib/python3.10/site-packages/pydantic/_internal/_generate_schema.py:2249: UnsupportedFieldAttributeWarning: The 'frozen' attribute with value True was provided to the `Field()` function, which has no effect in the context it was used. 'frozen' is field-specific metadata, and can only be attached to a model field using `Annotated` metadata or by assignment. This may have happened because an `Annotated` type alias using the `type` statement was used, or if the `Field()` function was attached to a single member of a union type.
  warnings.warn(
Traceback (most recent call last):
  File "/work/asdf1234/miniconda3/envs/cobra/lib/python3.10/runpy.py", line 196, in _run_module_as_main
    return _run_code(code, main_globals, None,
  File "/work/asdf1234/miniconda3/envs/cobra/lib/python3.10/runpy.py", line 86, in _run_code
    exec(code, run_globals)
  File "/work/asdf1234/cobra_new/cobra/pipeline/pct_collect.py", line 432, in <module>
    main()
  File "/work/asdf1234/cobra_new/cobra/pipeline/pct_collect.py", line 411, in main
    payload = collect_percentiles(
  File "/work/asdf1234/cobra_new/cobra/pipeline/pct_collect.py", line 354, in collect_percentiles
    validate_export_file(payload)
  File "/work/asdf1234/cobra_new/cobra/pipeline/pct_schema.py", line 167, in validate_export_file
    validate_observer_payload(payload)
  File "/work/asdf1234/cobra_new/cobra/pipeline/pct_schema.py", line 128, in validate_observer_payload
    assert _has_percentile_keys(d), f"{ctx}: no percentile keys found (expected keys like 'p99.9' or 'p99_99')"
AssertionError: validate_observer_payload: no percentile keys found (expected keys like 'p99.9' or 'p99_99')
